Created by PLY version 3.11 (http://www.dabeaz.com/ply)

Unused terminals:

    CLOSEDATA
    CLOSEH3
    CLOSEH4
    CLOSEHEADER
    CLOSEROW
    CLOSESPAN
    CLOSESTYLE
    CLOSETABLE
    GARBAGE
    OPENDATA
    OPENDIV
    OPENH2
    OPENH3
    OPENH4
    OPENHEADER
    OPENROW
    OPENSPAN
    OPENSTYLE
    OPENTABLE

Grammar

Rule 0     S' -> start
Rule 1     start -> table
Rule 2     skiptag -> CONTENT skiptag
Rule 3     skiptag -> OPENHREF skiptag
Rule 4     skiptag -> CLOSEHREF skiptag
Rule 5     skiptag -> CHART skiptag
Rule 6     skiptag -> TITLE skiptag
Rule 7     skiptag -> SUBTITLE skiptag
Rule 8     skiptag -> YAXIS skiptag
Rule 9     skiptag -> LEGEND skiptag
Rule 10    skiptag -> CREDITS skiptag
Rule 11    skiptag -> PLOTOPTIONS skiptag
Rule 12    skiptag -> empty
Rule 13    handledata -> XAXIS CATEGORIE CONTENT DATATAGCLOSE handledata
Rule 14    handledata -> skiptag SERIES handleseriesdata DATATAGCLOSE skiptag RESPONSIVE
Rule 15    handledata -> empty
Rule 16    handleseriesdata -> NAMETAG handleseriesdata
Rule 17    handleseriesdata -> CONTENT handleseriesdata
Rule 18    handleseriesdata -> DATATAG CONTENT DATATAGCLOSE handleseriesdata
Rule 19    handleseriesdata -> empty
Rule 20    table -> BEGINTABLEA CLOSEDIV skiptag handledata
Rule 21    empty -> <empty>
Rule 22    content -> CONTENT
Rule 23    content -> empty

Terminals, with rules where they appear

BEGINTABLEA          : 20
CATEGORIE            : 13
CHART                : 5
CLOSEDATA            : 
CLOSEDIV             : 20
CLOSEH3              : 
CLOSEH4              : 
CLOSEHEADER          : 
CLOSEHREF            : 4
CLOSEROW             : 
CLOSESPAN            : 
CLOSESTYLE           : 
CLOSETABLE           : 
CONTENT              : 2 13 17 18 22
CREDITS              : 10
DATATAG              : 18
DATATAGCLOSE         : 13 14 18
GARBAGE              : 
LEGEND               : 9
NAMETAG              : 16
OPENDATA             : 
OPENDIV              : 
OPENH2               : 
OPENH3               : 
OPENH4               : 
OPENHEADER           : 
OPENHREF             : 3
OPENROW              : 
OPENSPAN             : 
OPENSTYLE            : 
OPENTABLE            : 
PLOTOPTIONS          : 11
RESPONSIVE           : 14
SERIES               : 14
SUBTITLE             : 7
TITLE                : 6
XAXIS                : 13
YAXIS                : 8
error                : 

Nonterminals, with rules where they appear

content              : 
empty                : 12 15 19 23
handledata           : 13 20
handleseriesdata     : 14 16 17 18
skiptag              : 2 3 4 5 6 7 8 9 10 11 14 14 20
start                : 0
table                : 1

Parsing method: LALR

state 0

    (0) S' -> . start
    (1) start -> . table
    (20) table -> . BEGINTABLEA CLOSEDIV skiptag handledata

    BEGINTABLEA     shift and go to state 3

    start                          shift and go to state 1
    table                          shift and go to state 2

state 1

    (0) S' -> start .



state 2

    (1) start -> table .

    $end            reduce using rule 1 (start -> table .)


state 3

    (20) table -> BEGINTABLEA . CLOSEDIV skiptag handledata

    CLOSEDIV        shift and go to state 4


state 4

    (20) table -> BEGINTABLEA CLOSEDIV . skiptag handledata
    (2) skiptag -> . CONTENT skiptag
    (3) skiptag -> . OPENHREF skiptag
    (4) skiptag -> . CLOSEHREF skiptag
    (5) skiptag -> . CHART skiptag
    (6) skiptag -> . TITLE skiptag
    (7) skiptag -> . SUBTITLE skiptag
    (8) skiptag -> . YAXIS skiptag
    (9) skiptag -> . LEGEND skiptag
    (10) skiptag -> . CREDITS skiptag
    (11) skiptag -> . PLOTOPTIONS skiptag
    (12) skiptag -> . empty
    (21) empty -> .

  ! shift/reduce conflict for CONTENT resolved as shift
  ! shift/reduce conflict for OPENHREF resolved as shift
  ! shift/reduce conflict for CLOSEHREF resolved as shift
  ! shift/reduce conflict for CHART resolved as shift
  ! shift/reduce conflict for TITLE resolved as shift
  ! shift/reduce conflict for SUBTITLE resolved as shift
  ! shift/reduce conflict for YAXIS resolved as shift
  ! shift/reduce conflict for LEGEND resolved as shift
  ! shift/reduce conflict for CREDITS resolved as shift
  ! shift/reduce conflict for PLOTOPTIONS resolved as shift
    CONTENT         shift and go to state 6
    OPENHREF        shift and go to state 7
    CLOSEHREF       shift and go to state 8
    CHART           shift and go to state 9
    TITLE           shift and go to state 10
    SUBTITLE        shift and go to state 11
    YAXIS           shift and go to state 12
    LEGEND          shift and go to state 13
    CREDITS         shift and go to state 14
    PLOTOPTIONS     shift and go to state 15
    XAXIS           reduce using rule 21 (empty -> .)
    SERIES          reduce using rule 21 (empty -> .)
    $end            reduce using rule 21 (empty -> .)

  ! CONTENT         [ reduce using rule 21 (empty -> .) ]
  ! OPENHREF        [ reduce using rule 21 (empty -> .) ]
  ! CLOSEHREF       [ reduce using rule 21 (empty -> .) ]
  ! CHART           [ reduce using rule 21 (empty -> .) ]
  ! TITLE           [ reduce using rule 21 (empty -> .) ]
  ! SUBTITLE        [ reduce using rule 21 (empty -> .) ]
  ! YAXIS           [ reduce using rule 21 (empty -> .) ]
  ! LEGEND          [ reduce using rule 21 (empty -> .) ]
  ! CREDITS         [ reduce using rule 21 (empty -> .) ]
  ! PLOTOPTIONS     [ reduce using rule 21 (empty -> .) ]

    skiptag                        shift and go to state 5
    empty                          shift and go to state 16

state 5

    (20) table -> BEGINTABLEA CLOSEDIV skiptag . handledata
    (13) handledata -> . XAXIS CATEGORIE CONTENT DATATAGCLOSE handledata
    (14) handledata -> . skiptag SERIES handleseriesdata DATATAGCLOSE skiptag RESPONSIVE
    (15) handledata -> . empty
    (2) skiptag -> . CONTENT skiptag
    (3) skiptag -> . OPENHREF skiptag
    (4) skiptag -> . CLOSEHREF skiptag
    (5) skiptag -> . CHART skiptag
    (6) skiptag -> . TITLE skiptag
    (7) skiptag -> . SUBTITLE skiptag
    (8) skiptag -> . YAXIS skiptag
    (9) skiptag -> . LEGEND skiptag
    (10) skiptag -> . CREDITS skiptag
    (11) skiptag -> . PLOTOPTIONS skiptag
    (12) skiptag -> . empty
    (21) empty -> .

    XAXIS           shift and go to state 19
    CONTENT         shift and go to state 6
    OPENHREF        shift and go to state 7
    CLOSEHREF       shift and go to state 8
    CHART           shift and go to state 9
    TITLE           shift and go to state 10
    SUBTITLE        shift and go to state 11
    YAXIS           shift and go to state 12
    LEGEND          shift and go to state 13
    CREDITS         shift and go to state 14
    PLOTOPTIONS     shift and go to state 15
    $end            reduce using rule 21 (empty -> .)
    SERIES          reduce using rule 21 (empty -> .)

    skiptag                        shift and go to state 17
    handledata                     shift and go to state 18
    empty                          shift and go to state 20

state 6

    (2) skiptag -> CONTENT . skiptag
    (2) skiptag -> . CONTENT skiptag
    (3) skiptag -> . OPENHREF skiptag
    (4) skiptag -> . CLOSEHREF skiptag
    (5) skiptag -> . CHART skiptag
    (6) skiptag -> . TITLE skiptag
    (7) skiptag -> . SUBTITLE skiptag
    (8) skiptag -> . YAXIS skiptag
    (9) skiptag -> . LEGEND skiptag
    (10) skiptag -> . CREDITS skiptag
    (11) skiptag -> . PLOTOPTIONS skiptag
    (12) skiptag -> . empty
    (21) empty -> .

  ! shift/reduce conflict for CONTENT resolved as shift
  ! shift/reduce conflict for OPENHREF resolved as shift
  ! shift/reduce conflict for CLOSEHREF resolved as shift
  ! shift/reduce conflict for CHART resolved as shift
  ! shift/reduce conflict for TITLE resolved as shift
  ! shift/reduce conflict for SUBTITLE resolved as shift
  ! shift/reduce conflict for YAXIS resolved as shift
  ! shift/reduce conflict for LEGEND resolved as shift
  ! shift/reduce conflict for CREDITS resolved as shift
  ! shift/reduce conflict for PLOTOPTIONS resolved as shift
    CONTENT         shift and go to state 6
    OPENHREF        shift and go to state 7
    CLOSEHREF       shift and go to state 8
    CHART           shift and go to state 9
    TITLE           shift and go to state 10
    SUBTITLE        shift and go to state 11
    YAXIS           shift and go to state 12
    LEGEND          shift and go to state 13
    CREDITS         shift and go to state 14
    PLOTOPTIONS     shift and go to state 15
    XAXIS           reduce using rule 21 (empty -> .)
    SERIES          reduce using rule 21 (empty -> .)
    $end            reduce using rule 21 (empty -> .)
    RESPONSIVE      reduce using rule 21 (empty -> .)

  ! CONTENT         [ reduce using rule 21 (empty -> .) ]
  ! OPENHREF        [ reduce using rule 21 (empty -> .) ]
  ! CLOSEHREF       [ reduce using rule 21 (empty -> .) ]
  ! CHART           [ reduce using rule 21 (empty -> .) ]
  ! TITLE           [ reduce using rule 21 (empty -> .) ]
  ! SUBTITLE        [ reduce using rule 21 (empty -> .) ]
  ! YAXIS           [ reduce using rule 21 (empty -> .) ]
  ! LEGEND          [ reduce using rule 21 (empty -> .) ]
  ! CREDITS         [ reduce using rule 21 (empty -> .) ]
  ! PLOTOPTIONS     [ reduce using rule 21 (empty -> .) ]

    skiptag                        shift and go to state 21
    empty                          shift and go to state 16

state 7

    (3) skiptag -> OPENHREF . skiptag
    (2) skiptag -> . CONTENT skiptag
    (3) skiptag -> . OPENHREF skiptag
    (4) skiptag -> . CLOSEHREF skiptag
    (5) skiptag -> . CHART skiptag
    (6) skiptag -> . TITLE skiptag
    (7) skiptag -> . SUBTITLE skiptag
    (8) skiptag -> . YAXIS skiptag
    (9) skiptag -> . LEGEND skiptag
    (10) skiptag -> . CREDITS skiptag
    (11) skiptag -> . PLOTOPTIONS skiptag
    (12) skiptag -> . empty
    (21) empty -> .

  ! shift/reduce conflict for CONTENT resolved as shift
  ! shift/reduce conflict for OPENHREF resolved as shift
  ! shift/reduce conflict for CLOSEHREF resolved as shift
  ! shift/reduce conflict for CHART resolved as shift
  ! shift/reduce conflict for TITLE resolved as shift
  ! shift/reduce conflict for SUBTITLE resolved as shift
  ! shift/reduce conflict for YAXIS resolved as shift
  ! shift/reduce conflict for LEGEND resolved as shift
  ! shift/reduce conflict for CREDITS resolved as shift
  ! shift/reduce conflict for PLOTOPTIONS resolved as shift
    CONTENT         shift and go to state 6
    OPENHREF        shift and go to state 7
    CLOSEHREF       shift and go to state 8
    CHART           shift and go to state 9
    TITLE           shift and go to state 10
    SUBTITLE        shift and go to state 11
    YAXIS           shift and go to state 12
    LEGEND          shift and go to state 13
    CREDITS         shift and go to state 14
    PLOTOPTIONS     shift and go to state 15
    XAXIS           reduce using rule 21 (empty -> .)
    SERIES          reduce using rule 21 (empty -> .)
    $end            reduce using rule 21 (empty -> .)
    RESPONSIVE      reduce using rule 21 (empty -> .)

  ! CONTENT         [ reduce using rule 21 (empty -> .) ]
  ! OPENHREF        [ reduce using rule 21 (empty -> .) ]
  ! CLOSEHREF       [ reduce using rule 21 (empty -> .) ]
  ! CHART           [ reduce using rule 21 (empty -> .) ]
  ! TITLE           [ reduce using rule 21 (empty -> .) ]
  ! SUBTITLE        [ reduce using rule 21 (empty -> .) ]
  ! YAXIS           [ reduce using rule 21 (empty -> .) ]
  ! LEGEND          [ reduce using rule 21 (empty -> .) ]
  ! CREDITS         [ reduce using rule 21 (empty -> .) ]
  ! PLOTOPTIONS     [ reduce using rule 21 (empty -> .) ]

    skiptag                        shift and go to state 22
    empty                          shift and go to state 16

state 8

    (4) skiptag -> CLOSEHREF . skiptag
    (2) skiptag -> . CONTENT skiptag
    (3) skiptag -> . OPENHREF skiptag
    (4) skiptag -> . CLOSEHREF skiptag
    (5) skiptag -> . CHART skiptag
    (6) skiptag -> . TITLE skiptag
    (7) skiptag -> . SUBTITLE skiptag
    (8) skiptag -> . YAXIS skiptag
    (9) skiptag -> . LEGEND skiptag
    (10) skiptag -> . CREDITS skiptag
    (11) skiptag -> . PLOTOPTIONS skiptag
    (12) skiptag -> . empty
    (21) empty -> .

  ! shift/reduce conflict for CONTENT resolved as shift
  ! shift/reduce conflict for OPENHREF resolved as shift
  ! shift/reduce conflict for CLOSEHREF resolved as shift
  ! shift/reduce conflict for CHART resolved as shift
  ! shift/reduce conflict for TITLE resolved as shift
  ! shift/reduce conflict for SUBTITLE resolved as shift
  ! shift/reduce conflict for YAXIS resolved as shift
  ! shift/reduce conflict for LEGEND resolved as shift
  ! shift/reduce conflict for CREDITS resolved as shift
  ! shift/reduce conflict for PLOTOPTIONS resolved as shift
    CONTENT         shift and go to state 6
    OPENHREF        shift and go to state 7
    CLOSEHREF       shift and go to state 8
    CHART           shift and go to state 9
    TITLE           shift and go to state 10
    SUBTITLE        shift and go to state 11
    YAXIS           shift and go to state 12
    LEGEND          shift and go to state 13
    CREDITS         shift and go to state 14
    PLOTOPTIONS     shift and go to state 15
    XAXIS           reduce using rule 21 (empty -> .)
    SERIES          reduce using rule 21 (empty -> .)
    $end            reduce using rule 21 (empty -> .)
    RESPONSIVE      reduce using rule 21 (empty -> .)

  ! CONTENT         [ reduce using rule 21 (empty -> .) ]
  ! OPENHREF        [ reduce using rule 21 (empty -> .) ]
  ! CLOSEHREF       [ reduce using rule 21 (empty -> .) ]
  ! CHART           [ reduce using rule 21 (empty -> .) ]
  ! TITLE           [ reduce using rule 21 (empty -> .) ]
  ! SUBTITLE        [ reduce using rule 21 (empty -> .) ]
  ! YAXIS           [ reduce using rule 21 (empty -> .) ]
  ! LEGEND          [ reduce using rule 21 (empty -> .) ]
  ! CREDITS         [ reduce using rule 21 (empty -> .) ]
  ! PLOTOPTIONS     [ reduce using rule 21 (empty -> .) ]

    skiptag                        shift and go to state 23
    empty                          shift and go to state 16

state 9

    (5) skiptag -> CHART . skiptag
    (2) skiptag -> . CONTENT skiptag
    (3) skiptag -> . OPENHREF skiptag
    (4) skiptag -> . CLOSEHREF skiptag
    (5) skiptag -> . CHART skiptag
    (6) skiptag -> . TITLE skiptag
    (7) skiptag -> . SUBTITLE skiptag
    (8) skiptag -> . YAXIS skiptag
    (9) skiptag -> . LEGEND skiptag
    (10) skiptag -> . CREDITS skiptag
    (11) skiptag -> . PLOTOPTIONS skiptag
    (12) skiptag -> . empty
    (21) empty -> .

  ! shift/reduce conflict for CONTENT resolved as shift
  ! shift/reduce conflict for OPENHREF resolved as shift
  ! shift/reduce conflict for CLOSEHREF resolved as shift
  ! shift/reduce conflict for CHART resolved as shift
  ! shift/reduce conflict for TITLE resolved as shift
  ! shift/reduce conflict for SUBTITLE resolved as shift
  ! shift/reduce conflict for YAXIS resolved as shift
  ! shift/reduce conflict for LEGEND resolved as shift
  ! shift/reduce conflict for CREDITS resolved as shift
  ! shift/reduce conflict for PLOTOPTIONS resolved as shift
    CONTENT         shift and go to state 6
    OPENHREF        shift and go to state 7
    CLOSEHREF       shift and go to state 8
    CHART           shift and go to state 9
    TITLE           shift and go to state 10
    SUBTITLE        shift and go to state 11
    YAXIS           shift and go to state 12
    LEGEND          shift and go to state 13
    CREDITS         shift and go to state 14
    PLOTOPTIONS     shift and go to state 15
    XAXIS           reduce using rule 21 (empty -> .)
    SERIES          reduce using rule 21 (empty -> .)
    $end            reduce using rule 21 (empty -> .)
    RESPONSIVE      reduce using rule 21 (empty -> .)

  ! CONTENT         [ reduce using rule 21 (empty -> .) ]
  ! OPENHREF        [ reduce using rule 21 (empty -> .) ]
  ! CLOSEHREF       [ reduce using rule 21 (empty -> .) ]
  ! CHART           [ reduce using rule 21 (empty -> .) ]
  ! TITLE           [ reduce using rule 21 (empty -> .) ]
  ! SUBTITLE        [ reduce using rule 21 (empty -> .) ]
  ! YAXIS           [ reduce using rule 21 (empty -> .) ]
  ! LEGEND          [ reduce using rule 21 (empty -> .) ]
  ! CREDITS         [ reduce using rule 21 (empty -> .) ]
  ! PLOTOPTIONS     [ reduce using rule 21 (empty -> .) ]

    skiptag                        shift and go to state 24
    empty                          shift and go to state 16

state 10

    (6) skiptag -> TITLE . skiptag
    (2) skiptag -> . CONTENT skiptag
    (3) skiptag -> . OPENHREF skiptag
    (4) skiptag -> . CLOSEHREF skiptag
    (5) skiptag -> . CHART skiptag
    (6) skiptag -> . TITLE skiptag
    (7) skiptag -> . SUBTITLE skiptag
    (8) skiptag -> . YAXIS skiptag
    (9) skiptag -> . LEGEND skiptag
    (10) skiptag -> . CREDITS skiptag
    (11) skiptag -> . PLOTOPTIONS skiptag
    (12) skiptag -> . empty
    (21) empty -> .

  ! shift/reduce conflict for CONTENT resolved as shift
  ! shift/reduce conflict for OPENHREF resolved as shift
  ! shift/reduce conflict for CLOSEHREF resolved as shift
  ! shift/reduce conflict for CHART resolved as shift
  ! shift/reduce conflict for TITLE resolved as shift
  ! shift/reduce conflict for SUBTITLE resolved as shift
  ! shift/reduce conflict for YAXIS resolved as shift
  ! shift/reduce conflict for LEGEND resolved as shift
  ! shift/reduce conflict for CREDITS resolved as shift
  ! shift/reduce conflict for PLOTOPTIONS resolved as shift
    CONTENT         shift and go to state 6
    OPENHREF        shift and go to state 7
    CLOSEHREF       shift and go to state 8
    CHART           shift and go to state 9
    TITLE           shift and go to state 10
    SUBTITLE        shift and go to state 11
    YAXIS           shift and go to state 12
    LEGEND          shift and go to state 13
    CREDITS         shift and go to state 14
    PLOTOPTIONS     shift and go to state 15
    XAXIS           reduce using rule 21 (empty -> .)
    SERIES          reduce using rule 21 (empty -> .)
    $end            reduce using rule 21 (empty -> .)
    RESPONSIVE      reduce using rule 21 (empty -> .)

  ! CONTENT         [ reduce using rule 21 (empty -> .) ]
  ! OPENHREF        [ reduce using rule 21 (empty -> .) ]
  ! CLOSEHREF       [ reduce using rule 21 (empty -> .) ]
  ! CHART           [ reduce using rule 21 (empty -> .) ]
  ! TITLE           [ reduce using rule 21 (empty -> .) ]
  ! SUBTITLE        [ reduce using rule 21 (empty -> .) ]
  ! YAXIS           [ reduce using rule 21 (empty -> .) ]
  ! LEGEND          [ reduce using rule 21 (empty -> .) ]
  ! CREDITS         [ reduce using rule 21 (empty -> .) ]
  ! PLOTOPTIONS     [ reduce using rule 21 (empty -> .) ]

    skiptag                        shift and go to state 25
    empty                          shift and go to state 16

state 11

    (7) skiptag -> SUBTITLE . skiptag
    (2) skiptag -> . CONTENT skiptag
    (3) skiptag -> . OPENHREF skiptag
    (4) skiptag -> . CLOSEHREF skiptag
    (5) skiptag -> . CHART skiptag
    (6) skiptag -> . TITLE skiptag
    (7) skiptag -> . SUBTITLE skiptag
    (8) skiptag -> . YAXIS skiptag
    (9) skiptag -> . LEGEND skiptag
    (10) skiptag -> . CREDITS skiptag
    (11) skiptag -> . PLOTOPTIONS skiptag
    (12) skiptag -> . empty
    (21) empty -> .

  ! shift/reduce conflict for CONTENT resolved as shift
  ! shift/reduce conflict for OPENHREF resolved as shift
  ! shift/reduce conflict for CLOSEHREF resolved as shift
  ! shift/reduce conflict for CHART resolved as shift
  ! shift/reduce conflict for TITLE resolved as shift
  ! shift/reduce conflict for SUBTITLE resolved as shift
  ! shift/reduce conflict for YAXIS resolved as shift
  ! shift/reduce conflict for LEGEND resolved as shift
  ! shift/reduce conflict for CREDITS resolved as shift
  ! shift/reduce conflict for PLOTOPTIONS resolved as shift
    CONTENT         shift and go to state 6
    OPENHREF        shift and go to state 7
    CLOSEHREF       shift and go to state 8
    CHART           shift and go to state 9
    TITLE           shift and go to state 10
    SUBTITLE        shift and go to state 11
    YAXIS           shift and go to state 12
    LEGEND          shift and go to state 13
    CREDITS         shift and go to state 14
    PLOTOPTIONS     shift and go to state 15
    XAXIS           reduce using rule 21 (empty -> .)
    SERIES          reduce using rule 21 (empty -> .)
    $end            reduce using rule 21 (empty -> .)
    RESPONSIVE      reduce using rule 21 (empty -> .)

  ! CONTENT         [ reduce using rule 21 (empty -> .) ]
  ! OPENHREF        [ reduce using rule 21 (empty -> .) ]
  ! CLOSEHREF       [ reduce using rule 21 (empty -> .) ]
  ! CHART           [ reduce using rule 21 (empty -> .) ]
  ! TITLE           [ reduce using rule 21 (empty -> .) ]
  ! SUBTITLE        [ reduce using rule 21 (empty -> .) ]
  ! YAXIS           [ reduce using rule 21 (empty -> .) ]
  ! LEGEND          [ reduce using rule 21 (empty -> .) ]
  ! CREDITS         [ reduce using rule 21 (empty -> .) ]
  ! PLOTOPTIONS     [ reduce using rule 21 (empty -> .) ]

    skiptag                        shift and go to state 26
    empty                          shift and go to state 16

state 12

    (8) skiptag -> YAXIS . skiptag
    (2) skiptag -> . CONTENT skiptag
    (3) skiptag -> . OPENHREF skiptag
    (4) skiptag -> . CLOSEHREF skiptag
    (5) skiptag -> . CHART skiptag
    (6) skiptag -> . TITLE skiptag
    (7) skiptag -> . SUBTITLE skiptag
    (8) skiptag -> . YAXIS skiptag
    (9) skiptag -> . LEGEND skiptag
    (10) skiptag -> . CREDITS skiptag
    (11) skiptag -> . PLOTOPTIONS skiptag
    (12) skiptag -> . empty
    (21) empty -> .

  ! shift/reduce conflict for CONTENT resolved as shift
  ! shift/reduce conflict for OPENHREF resolved as shift
  ! shift/reduce conflict for CLOSEHREF resolved as shift
  ! shift/reduce conflict for CHART resolved as shift
  ! shift/reduce conflict for TITLE resolved as shift
  ! shift/reduce conflict for SUBTITLE resolved as shift
  ! shift/reduce conflict for YAXIS resolved as shift
  ! shift/reduce conflict for LEGEND resolved as shift
  ! shift/reduce conflict for CREDITS resolved as shift
  ! shift/reduce conflict for PLOTOPTIONS resolved as shift
    CONTENT         shift and go to state 6
    OPENHREF        shift and go to state 7
    CLOSEHREF       shift and go to state 8
    CHART           shift and go to state 9
    TITLE           shift and go to state 10
    SUBTITLE        shift and go to state 11
    YAXIS           shift and go to state 12
    LEGEND          shift and go to state 13
    CREDITS         shift and go to state 14
    PLOTOPTIONS     shift and go to state 15
    XAXIS           reduce using rule 21 (empty -> .)
    SERIES          reduce using rule 21 (empty -> .)
    $end            reduce using rule 21 (empty -> .)
    RESPONSIVE      reduce using rule 21 (empty -> .)

  ! CONTENT         [ reduce using rule 21 (empty -> .) ]
  ! OPENHREF        [ reduce using rule 21 (empty -> .) ]
  ! CLOSEHREF       [ reduce using rule 21 (empty -> .) ]
  ! CHART           [ reduce using rule 21 (empty -> .) ]
  ! TITLE           [ reduce using rule 21 (empty -> .) ]
  ! SUBTITLE        [ reduce using rule 21 (empty -> .) ]
  ! YAXIS           [ reduce using rule 21 (empty -> .) ]
  ! LEGEND          [ reduce using rule 21 (empty -> .) ]
  ! CREDITS         [ reduce using rule 21 (empty -> .) ]
  ! PLOTOPTIONS     [ reduce using rule 21 (empty -> .) ]

    skiptag                        shift and go to state 27
    empty                          shift and go to state 16

state 13

    (9) skiptag -> LEGEND . skiptag
    (2) skiptag -> . CONTENT skiptag
    (3) skiptag -> . OPENHREF skiptag
    (4) skiptag -> . CLOSEHREF skiptag
    (5) skiptag -> . CHART skiptag
    (6) skiptag -> . TITLE skiptag
    (7) skiptag -> . SUBTITLE skiptag
    (8) skiptag -> . YAXIS skiptag
    (9) skiptag -> . LEGEND skiptag
    (10) skiptag -> . CREDITS skiptag
    (11) skiptag -> . PLOTOPTIONS skiptag
    (12) skiptag -> . empty
    (21) empty -> .

  ! shift/reduce conflict for CONTENT resolved as shift
  ! shift/reduce conflict for OPENHREF resolved as shift
  ! shift/reduce conflict for CLOSEHREF resolved as shift
  ! shift/reduce conflict for CHART resolved as shift
  ! shift/reduce conflict for TITLE resolved as shift
  ! shift/reduce conflict for SUBTITLE resolved as shift
  ! shift/reduce conflict for YAXIS resolved as shift
  ! shift/reduce conflict for LEGEND resolved as shift
  ! shift/reduce conflict for CREDITS resolved as shift
  ! shift/reduce conflict for PLOTOPTIONS resolved as shift
    CONTENT         shift and go to state 6
    OPENHREF        shift and go to state 7
    CLOSEHREF       shift and go to state 8
    CHART           shift and go to state 9
    TITLE           shift and go to state 10
    SUBTITLE        shift and go to state 11
    YAXIS           shift and go to state 12
    LEGEND          shift and go to state 13
    CREDITS         shift and go to state 14
    PLOTOPTIONS     shift and go to state 15
    XAXIS           reduce using rule 21 (empty -> .)
    SERIES          reduce using rule 21 (empty -> .)
    $end            reduce using rule 21 (empty -> .)
    RESPONSIVE      reduce using rule 21 (empty -> .)

  ! CONTENT         [ reduce using rule 21 (empty -> .) ]
  ! OPENHREF        [ reduce using rule 21 (empty -> .) ]
  ! CLOSEHREF       [ reduce using rule 21 (empty -> .) ]
  ! CHART           [ reduce using rule 21 (empty -> .) ]
  ! TITLE           [ reduce using rule 21 (empty -> .) ]
  ! SUBTITLE        [ reduce using rule 21 (empty -> .) ]
  ! YAXIS           [ reduce using rule 21 (empty -> .) ]
  ! LEGEND          [ reduce using rule 21 (empty -> .) ]
  ! CREDITS         [ reduce using rule 21 (empty -> .) ]
  ! PLOTOPTIONS     [ reduce using rule 21 (empty -> .) ]

    skiptag                        shift and go to state 28
    empty                          shift and go to state 16

state 14

    (10) skiptag -> CREDITS . skiptag
    (2) skiptag -> . CONTENT skiptag
    (3) skiptag -> . OPENHREF skiptag
    (4) skiptag -> . CLOSEHREF skiptag
    (5) skiptag -> . CHART skiptag
    (6) skiptag -> . TITLE skiptag
    (7) skiptag -> . SUBTITLE skiptag
    (8) skiptag -> . YAXIS skiptag
    (9) skiptag -> . LEGEND skiptag
    (10) skiptag -> . CREDITS skiptag
    (11) skiptag -> . PLOTOPTIONS skiptag
    (12) skiptag -> . empty
    (21) empty -> .

  ! shift/reduce conflict for CONTENT resolved as shift
  ! shift/reduce conflict for OPENHREF resolved as shift
  ! shift/reduce conflict for CLOSEHREF resolved as shift
  ! shift/reduce conflict for CHART resolved as shift
  ! shift/reduce conflict for TITLE resolved as shift
  ! shift/reduce conflict for SUBTITLE resolved as shift
  ! shift/reduce conflict for YAXIS resolved as shift
  ! shift/reduce conflict for LEGEND resolved as shift
  ! shift/reduce conflict for CREDITS resolved as shift
  ! shift/reduce conflict for PLOTOPTIONS resolved as shift
    CONTENT         shift and go to state 6
    OPENHREF        shift and go to state 7
    CLOSEHREF       shift and go to state 8
    CHART           shift and go to state 9
    TITLE           shift and go to state 10
    SUBTITLE        shift and go to state 11
    YAXIS           shift and go to state 12
    LEGEND          shift and go to state 13
    CREDITS         shift and go to state 14
    PLOTOPTIONS     shift and go to state 15
    XAXIS           reduce using rule 21 (empty -> .)
    SERIES          reduce using rule 21 (empty -> .)
    $end            reduce using rule 21 (empty -> .)
    RESPONSIVE      reduce using rule 21 (empty -> .)

  ! CONTENT         [ reduce using rule 21 (empty -> .) ]
  ! OPENHREF        [ reduce using rule 21 (empty -> .) ]
  ! CLOSEHREF       [ reduce using rule 21 (empty -> .) ]
  ! CHART           [ reduce using rule 21 (empty -> .) ]
  ! TITLE           [ reduce using rule 21 (empty -> .) ]
  ! SUBTITLE        [ reduce using rule 21 (empty -> .) ]
  ! YAXIS           [ reduce using rule 21 (empty -> .) ]
  ! LEGEND          [ reduce using rule 21 (empty -> .) ]
  ! CREDITS         [ reduce using rule 21 (empty -> .) ]
  ! PLOTOPTIONS     [ reduce using rule 21 (empty -> .) ]

    skiptag                        shift and go to state 29
    empty                          shift and go to state 16

state 15

    (11) skiptag -> PLOTOPTIONS . skiptag
    (2) skiptag -> . CONTENT skiptag
    (3) skiptag -> . OPENHREF skiptag
    (4) skiptag -> . CLOSEHREF skiptag
    (5) skiptag -> . CHART skiptag
    (6) skiptag -> . TITLE skiptag
    (7) skiptag -> . SUBTITLE skiptag
    (8) skiptag -> . YAXIS skiptag
    (9) skiptag -> . LEGEND skiptag
    (10) skiptag -> . CREDITS skiptag
    (11) skiptag -> . PLOTOPTIONS skiptag
    (12) skiptag -> . empty
    (21) empty -> .

  ! shift/reduce conflict for CONTENT resolved as shift
  ! shift/reduce conflict for OPENHREF resolved as shift
  ! shift/reduce conflict for CLOSEHREF resolved as shift
  ! shift/reduce conflict for CHART resolved as shift
  ! shift/reduce conflict for TITLE resolved as shift
  ! shift/reduce conflict for SUBTITLE resolved as shift
  ! shift/reduce conflict for YAXIS resolved as shift
  ! shift/reduce conflict for LEGEND resolved as shift
  ! shift/reduce conflict for CREDITS resolved as shift
  ! shift/reduce conflict for PLOTOPTIONS resolved as shift
    CONTENT         shift and go to state 6
    OPENHREF        shift and go to state 7
    CLOSEHREF       shift and go to state 8
    CHART           shift and go to state 9
    TITLE           shift and go to state 10
    SUBTITLE        shift and go to state 11
    YAXIS           shift and go to state 12
    LEGEND          shift and go to state 13
    CREDITS         shift and go to state 14
    PLOTOPTIONS     shift and go to state 15
    XAXIS           reduce using rule 21 (empty -> .)
    SERIES          reduce using rule 21 (empty -> .)
    $end            reduce using rule 21 (empty -> .)
    RESPONSIVE      reduce using rule 21 (empty -> .)

  ! CONTENT         [ reduce using rule 21 (empty -> .) ]
  ! OPENHREF        [ reduce using rule 21 (empty -> .) ]
  ! CLOSEHREF       [ reduce using rule 21 (empty -> .) ]
  ! CHART           [ reduce using rule 21 (empty -> .) ]
  ! TITLE           [ reduce using rule 21 (empty -> .) ]
  ! SUBTITLE        [ reduce using rule 21 (empty -> .) ]
  ! YAXIS           [ reduce using rule 21 (empty -> .) ]
  ! LEGEND          [ reduce using rule 21 (empty -> .) ]
  ! CREDITS         [ reduce using rule 21 (empty -> .) ]
  ! PLOTOPTIONS     [ reduce using rule 21 (empty -> .) ]

    skiptag                        shift and go to state 30
    empty                          shift and go to state 16

state 16

    (12) skiptag -> empty .

    XAXIS           reduce using rule 12 (skiptag -> empty .)
    CONTENT         reduce using rule 12 (skiptag -> empty .)
    OPENHREF        reduce using rule 12 (skiptag -> empty .)
    CLOSEHREF       reduce using rule 12 (skiptag -> empty .)
    CHART           reduce using rule 12 (skiptag -> empty .)
    TITLE           reduce using rule 12 (skiptag -> empty .)
    SUBTITLE        reduce using rule 12 (skiptag -> empty .)
    YAXIS           reduce using rule 12 (skiptag -> empty .)
    LEGEND          reduce using rule 12 (skiptag -> empty .)
    CREDITS         reduce using rule 12 (skiptag -> empty .)
    PLOTOPTIONS     reduce using rule 12 (skiptag -> empty .)
    SERIES          reduce using rule 12 (skiptag -> empty .)
    $end            reduce using rule 12 (skiptag -> empty .)
    RESPONSIVE      reduce using rule 12 (skiptag -> empty .)


state 17

    (14) handledata -> skiptag . SERIES handleseriesdata DATATAGCLOSE skiptag RESPONSIVE

    SERIES          shift and go to state 31


state 18

    (20) table -> BEGINTABLEA CLOSEDIV skiptag handledata .

    $end            reduce using rule 20 (table -> BEGINTABLEA CLOSEDIV skiptag handledata .)


state 19

    (13) handledata -> XAXIS . CATEGORIE CONTENT DATATAGCLOSE handledata

    CATEGORIE       shift and go to state 32


state 20

    (15) handledata -> empty .
    (12) skiptag -> empty .

    $end            reduce using rule 15 (handledata -> empty .)
    SERIES          reduce using rule 12 (skiptag -> empty .)


state 21

    (2) skiptag -> CONTENT skiptag .

    XAXIS           reduce using rule 2 (skiptag -> CONTENT skiptag .)
    CONTENT         reduce using rule 2 (skiptag -> CONTENT skiptag .)
    OPENHREF        reduce using rule 2 (skiptag -> CONTENT skiptag .)
    CLOSEHREF       reduce using rule 2 (skiptag -> CONTENT skiptag .)
    CHART           reduce using rule 2 (skiptag -> CONTENT skiptag .)
    TITLE           reduce using rule 2 (skiptag -> CONTENT skiptag .)
    SUBTITLE        reduce using rule 2 (skiptag -> CONTENT skiptag .)
    YAXIS           reduce using rule 2 (skiptag -> CONTENT skiptag .)
    LEGEND          reduce using rule 2 (skiptag -> CONTENT skiptag .)
    CREDITS         reduce using rule 2 (skiptag -> CONTENT skiptag .)
    PLOTOPTIONS     reduce using rule 2 (skiptag -> CONTENT skiptag .)
    SERIES          reduce using rule 2 (skiptag -> CONTENT skiptag .)
    $end            reduce using rule 2 (skiptag -> CONTENT skiptag .)
    RESPONSIVE      reduce using rule 2 (skiptag -> CONTENT skiptag .)


state 22

    (3) skiptag -> OPENHREF skiptag .

    XAXIS           reduce using rule 3 (skiptag -> OPENHREF skiptag .)
    CONTENT         reduce using rule 3 (skiptag -> OPENHREF skiptag .)
    OPENHREF        reduce using rule 3 (skiptag -> OPENHREF skiptag .)
    CLOSEHREF       reduce using rule 3 (skiptag -> OPENHREF skiptag .)
    CHART           reduce using rule 3 (skiptag -> OPENHREF skiptag .)
    TITLE           reduce using rule 3 (skiptag -> OPENHREF skiptag .)
    SUBTITLE        reduce using rule 3 (skiptag -> OPENHREF skiptag .)
    YAXIS           reduce using rule 3 (skiptag -> OPENHREF skiptag .)
    LEGEND          reduce using rule 3 (skiptag -> OPENHREF skiptag .)
    CREDITS         reduce using rule 3 (skiptag -> OPENHREF skiptag .)
    PLOTOPTIONS     reduce using rule 3 (skiptag -> OPENHREF skiptag .)
    SERIES          reduce using rule 3 (skiptag -> OPENHREF skiptag .)
    $end            reduce using rule 3 (skiptag -> OPENHREF skiptag .)
    RESPONSIVE      reduce using rule 3 (skiptag -> OPENHREF skiptag .)


state 23

    (4) skiptag -> CLOSEHREF skiptag .

    XAXIS           reduce using rule 4 (skiptag -> CLOSEHREF skiptag .)
    CONTENT         reduce using rule 4 (skiptag -> CLOSEHREF skiptag .)
    OPENHREF        reduce using rule 4 (skiptag -> CLOSEHREF skiptag .)
    CLOSEHREF       reduce using rule 4 (skiptag -> CLOSEHREF skiptag .)
    CHART           reduce using rule 4 (skiptag -> CLOSEHREF skiptag .)
    TITLE           reduce using rule 4 (skiptag -> CLOSEHREF skiptag .)
    SUBTITLE        reduce using rule 4 (skiptag -> CLOSEHREF skiptag .)
    YAXIS           reduce using rule 4 (skiptag -> CLOSEHREF skiptag .)
    LEGEND          reduce using rule 4 (skiptag -> CLOSEHREF skiptag .)
    CREDITS         reduce using rule 4 (skiptag -> CLOSEHREF skiptag .)
    PLOTOPTIONS     reduce using rule 4 (skiptag -> CLOSEHREF skiptag .)
    SERIES          reduce using rule 4 (skiptag -> CLOSEHREF skiptag .)
    $end            reduce using rule 4 (skiptag -> CLOSEHREF skiptag .)
    RESPONSIVE      reduce using rule 4 (skiptag -> CLOSEHREF skiptag .)


state 24

    (5) skiptag -> CHART skiptag .

    XAXIS           reduce using rule 5 (skiptag -> CHART skiptag .)
    CONTENT         reduce using rule 5 (skiptag -> CHART skiptag .)
    OPENHREF        reduce using rule 5 (skiptag -> CHART skiptag .)
    CLOSEHREF       reduce using rule 5 (skiptag -> CHART skiptag .)
    CHART           reduce using rule 5 (skiptag -> CHART skiptag .)
    TITLE           reduce using rule 5 (skiptag -> CHART skiptag .)
    SUBTITLE        reduce using rule 5 (skiptag -> CHART skiptag .)
    YAXIS           reduce using rule 5 (skiptag -> CHART skiptag .)
    LEGEND          reduce using rule 5 (skiptag -> CHART skiptag .)
    CREDITS         reduce using rule 5 (skiptag -> CHART skiptag .)
    PLOTOPTIONS     reduce using rule 5 (skiptag -> CHART skiptag .)
    SERIES          reduce using rule 5 (skiptag -> CHART skiptag .)
    $end            reduce using rule 5 (skiptag -> CHART skiptag .)
    RESPONSIVE      reduce using rule 5 (skiptag -> CHART skiptag .)


state 25

    (6) skiptag -> TITLE skiptag .

    XAXIS           reduce using rule 6 (skiptag -> TITLE skiptag .)
    CONTENT         reduce using rule 6 (skiptag -> TITLE skiptag .)
    OPENHREF        reduce using rule 6 (skiptag -> TITLE skiptag .)
    CLOSEHREF       reduce using rule 6 (skiptag -> TITLE skiptag .)
    CHART           reduce using rule 6 (skiptag -> TITLE skiptag .)
    TITLE           reduce using rule 6 (skiptag -> TITLE skiptag .)
    SUBTITLE        reduce using rule 6 (skiptag -> TITLE skiptag .)
    YAXIS           reduce using rule 6 (skiptag -> TITLE skiptag .)
    LEGEND          reduce using rule 6 (skiptag -> TITLE skiptag .)
    CREDITS         reduce using rule 6 (skiptag -> TITLE skiptag .)
    PLOTOPTIONS     reduce using rule 6 (skiptag -> TITLE skiptag .)
    SERIES          reduce using rule 6 (skiptag -> TITLE skiptag .)
    $end            reduce using rule 6 (skiptag -> TITLE skiptag .)
    RESPONSIVE      reduce using rule 6 (skiptag -> TITLE skiptag .)


state 26

    (7) skiptag -> SUBTITLE skiptag .

    XAXIS           reduce using rule 7 (skiptag -> SUBTITLE skiptag .)
    CONTENT         reduce using rule 7 (skiptag -> SUBTITLE skiptag .)
    OPENHREF        reduce using rule 7 (skiptag -> SUBTITLE skiptag .)
    CLOSEHREF       reduce using rule 7 (skiptag -> SUBTITLE skiptag .)
    CHART           reduce using rule 7 (skiptag -> SUBTITLE skiptag .)
    TITLE           reduce using rule 7 (skiptag -> SUBTITLE skiptag .)
    SUBTITLE        reduce using rule 7 (skiptag -> SUBTITLE skiptag .)
    YAXIS           reduce using rule 7 (skiptag -> SUBTITLE skiptag .)
    LEGEND          reduce using rule 7 (skiptag -> SUBTITLE skiptag .)
    CREDITS         reduce using rule 7 (skiptag -> SUBTITLE skiptag .)
    PLOTOPTIONS     reduce using rule 7 (skiptag -> SUBTITLE skiptag .)
    SERIES          reduce using rule 7 (skiptag -> SUBTITLE skiptag .)
    $end            reduce using rule 7 (skiptag -> SUBTITLE skiptag .)
    RESPONSIVE      reduce using rule 7 (skiptag -> SUBTITLE skiptag .)


state 27

    (8) skiptag -> YAXIS skiptag .

    XAXIS           reduce using rule 8 (skiptag -> YAXIS skiptag .)
    CONTENT         reduce using rule 8 (skiptag -> YAXIS skiptag .)
    OPENHREF        reduce using rule 8 (skiptag -> YAXIS skiptag .)
    CLOSEHREF       reduce using rule 8 (skiptag -> YAXIS skiptag .)
    CHART           reduce using rule 8 (skiptag -> YAXIS skiptag .)
    TITLE           reduce using rule 8 (skiptag -> YAXIS skiptag .)
    SUBTITLE        reduce using rule 8 (skiptag -> YAXIS skiptag .)
    YAXIS           reduce using rule 8 (skiptag -> YAXIS skiptag .)
    LEGEND          reduce using rule 8 (skiptag -> YAXIS skiptag .)
    CREDITS         reduce using rule 8 (skiptag -> YAXIS skiptag .)
    PLOTOPTIONS     reduce using rule 8 (skiptag -> YAXIS skiptag .)
    SERIES          reduce using rule 8 (skiptag -> YAXIS skiptag .)
    $end            reduce using rule 8 (skiptag -> YAXIS skiptag .)
    RESPONSIVE      reduce using rule 8 (skiptag -> YAXIS skiptag .)


state 28

    (9) skiptag -> LEGEND skiptag .

    XAXIS           reduce using rule 9 (skiptag -> LEGEND skiptag .)
    CONTENT         reduce using rule 9 (skiptag -> LEGEND skiptag .)
    OPENHREF        reduce using rule 9 (skiptag -> LEGEND skiptag .)
    CLOSEHREF       reduce using rule 9 (skiptag -> LEGEND skiptag .)
    CHART           reduce using rule 9 (skiptag -> LEGEND skiptag .)
    TITLE           reduce using rule 9 (skiptag -> LEGEND skiptag .)
    SUBTITLE        reduce using rule 9 (skiptag -> LEGEND skiptag .)
    YAXIS           reduce using rule 9 (skiptag -> LEGEND skiptag .)
    LEGEND          reduce using rule 9 (skiptag -> LEGEND skiptag .)
    CREDITS         reduce using rule 9 (skiptag -> LEGEND skiptag .)
    PLOTOPTIONS     reduce using rule 9 (skiptag -> LEGEND skiptag .)
    SERIES          reduce using rule 9 (skiptag -> LEGEND skiptag .)
    $end            reduce using rule 9 (skiptag -> LEGEND skiptag .)
    RESPONSIVE      reduce using rule 9 (skiptag -> LEGEND skiptag .)


state 29

    (10) skiptag -> CREDITS skiptag .

    XAXIS           reduce using rule 10 (skiptag -> CREDITS skiptag .)
    CONTENT         reduce using rule 10 (skiptag -> CREDITS skiptag .)
    OPENHREF        reduce using rule 10 (skiptag -> CREDITS skiptag .)
    CLOSEHREF       reduce using rule 10 (skiptag -> CREDITS skiptag .)
    CHART           reduce using rule 10 (skiptag -> CREDITS skiptag .)
    TITLE           reduce using rule 10 (skiptag -> CREDITS skiptag .)
    SUBTITLE        reduce using rule 10 (skiptag -> CREDITS skiptag .)
    YAXIS           reduce using rule 10 (skiptag -> CREDITS skiptag .)
    LEGEND          reduce using rule 10 (skiptag -> CREDITS skiptag .)
    CREDITS         reduce using rule 10 (skiptag -> CREDITS skiptag .)
    PLOTOPTIONS     reduce using rule 10 (skiptag -> CREDITS skiptag .)
    SERIES          reduce using rule 10 (skiptag -> CREDITS skiptag .)
    $end            reduce using rule 10 (skiptag -> CREDITS skiptag .)
    RESPONSIVE      reduce using rule 10 (skiptag -> CREDITS skiptag .)


state 30

    (11) skiptag -> PLOTOPTIONS skiptag .

    XAXIS           reduce using rule 11 (skiptag -> PLOTOPTIONS skiptag .)
    CONTENT         reduce using rule 11 (skiptag -> PLOTOPTIONS skiptag .)
    OPENHREF        reduce using rule 11 (skiptag -> PLOTOPTIONS skiptag .)
    CLOSEHREF       reduce using rule 11 (skiptag -> PLOTOPTIONS skiptag .)
    CHART           reduce using rule 11 (skiptag -> PLOTOPTIONS skiptag .)
    TITLE           reduce using rule 11 (skiptag -> PLOTOPTIONS skiptag .)
    SUBTITLE        reduce using rule 11 (skiptag -> PLOTOPTIONS skiptag .)
    YAXIS           reduce using rule 11 (skiptag -> PLOTOPTIONS skiptag .)
    LEGEND          reduce using rule 11 (skiptag -> PLOTOPTIONS skiptag .)
    CREDITS         reduce using rule 11 (skiptag -> PLOTOPTIONS skiptag .)
    PLOTOPTIONS     reduce using rule 11 (skiptag -> PLOTOPTIONS skiptag .)
    SERIES          reduce using rule 11 (skiptag -> PLOTOPTIONS skiptag .)
    $end            reduce using rule 11 (skiptag -> PLOTOPTIONS skiptag .)
    RESPONSIVE      reduce using rule 11 (skiptag -> PLOTOPTIONS skiptag .)


state 31

    (14) handledata -> skiptag SERIES . handleseriesdata DATATAGCLOSE skiptag RESPONSIVE
    (16) handleseriesdata -> . NAMETAG handleseriesdata
    (17) handleseriesdata -> . CONTENT handleseriesdata
    (18) handleseriesdata -> . DATATAG CONTENT DATATAGCLOSE handleseriesdata
    (19) handleseriesdata -> . empty
    (21) empty -> .

    NAMETAG         shift and go to state 34
    CONTENT         shift and go to state 35
    DATATAG         shift and go to state 36
    DATATAGCLOSE    reduce using rule 21 (empty -> .)

    handleseriesdata               shift and go to state 33
    empty                          shift and go to state 37

state 32

    (13) handledata -> XAXIS CATEGORIE . CONTENT DATATAGCLOSE handledata

    CONTENT         shift and go to state 38


state 33

    (14) handledata -> skiptag SERIES handleseriesdata . DATATAGCLOSE skiptag RESPONSIVE

    DATATAGCLOSE    shift and go to state 39


state 34

    (16) handleseriesdata -> NAMETAG . handleseriesdata
    (16) handleseriesdata -> . NAMETAG handleseriesdata
    (17) handleseriesdata -> . CONTENT handleseriesdata
    (18) handleseriesdata -> . DATATAG CONTENT DATATAGCLOSE handleseriesdata
    (19) handleseriesdata -> . empty
    (21) empty -> .

    NAMETAG         shift and go to state 34
    CONTENT         shift and go to state 35
    DATATAG         shift and go to state 36
    DATATAGCLOSE    reduce using rule 21 (empty -> .)

    handleseriesdata               shift and go to state 40
    empty                          shift and go to state 37

state 35

    (17) handleseriesdata -> CONTENT . handleseriesdata
    (16) handleseriesdata -> . NAMETAG handleseriesdata
    (17) handleseriesdata -> . CONTENT handleseriesdata
    (18) handleseriesdata -> . DATATAG CONTENT DATATAGCLOSE handleseriesdata
    (19) handleseriesdata -> . empty
    (21) empty -> .

    NAMETAG         shift and go to state 34
    CONTENT         shift and go to state 35
    DATATAG         shift and go to state 36
    DATATAGCLOSE    reduce using rule 21 (empty -> .)

    handleseriesdata               shift and go to state 41
    empty                          shift and go to state 37

state 36

    (18) handleseriesdata -> DATATAG . CONTENT DATATAGCLOSE handleseriesdata

    CONTENT         shift and go to state 42


state 37

    (19) handleseriesdata -> empty .

    DATATAGCLOSE    reduce using rule 19 (handleseriesdata -> empty .)


state 38

    (13) handledata -> XAXIS CATEGORIE CONTENT . DATATAGCLOSE handledata

    DATATAGCLOSE    shift and go to state 43


state 39

    (14) handledata -> skiptag SERIES handleseriesdata DATATAGCLOSE . skiptag RESPONSIVE
    (2) skiptag -> . CONTENT skiptag
    (3) skiptag -> . OPENHREF skiptag
    (4) skiptag -> . CLOSEHREF skiptag
    (5) skiptag -> . CHART skiptag
    (6) skiptag -> . TITLE skiptag
    (7) skiptag -> . SUBTITLE skiptag
    (8) skiptag -> . YAXIS skiptag
    (9) skiptag -> . LEGEND skiptag
    (10) skiptag -> . CREDITS skiptag
    (11) skiptag -> . PLOTOPTIONS skiptag
    (12) skiptag -> . empty
    (21) empty -> .

    CONTENT         shift and go to state 6
    OPENHREF        shift and go to state 7
    CLOSEHREF       shift and go to state 8
    CHART           shift and go to state 9
    TITLE           shift and go to state 10
    SUBTITLE        shift and go to state 11
    YAXIS           shift and go to state 12
    LEGEND          shift and go to state 13
    CREDITS         shift and go to state 14
    PLOTOPTIONS     shift and go to state 15
    RESPONSIVE      reduce using rule 21 (empty -> .)

    skiptag                        shift and go to state 44
    empty                          shift and go to state 16

state 40

    (16) handleseriesdata -> NAMETAG handleseriesdata .

    DATATAGCLOSE    reduce using rule 16 (handleseriesdata -> NAMETAG handleseriesdata .)


state 41

    (17) handleseriesdata -> CONTENT handleseriesdata .

    DATATAGCLOSE    reduce using rule 17 (handleseriesdata -> CONTENT handleseriesdata .)


state 42

    (18) handleseriesdata -> DATATAG CONTENT . DATATAGCLOSE handleseriesdata

    DATATAGCLOSE    shift and go to state 45


state 43

    (13) handledata -> XAXIS CATEGORIE CONTENT DATATAGCLOSE . handledata
    (13) handledata -> . XAXIS CATEGORIE CONTENT DATATAGCLOSE handledata
    (14) handledata -> . skiptag SERIES handleseriesdata DATATAGCLOSE skiptag RESPONSIVE
    (15) handledata -> . empty
    (2) skiptag -> . CONTENT skiptag
    (3) skiptag -> . OPENHREF skiptag
    (4) skiptag -> . CLOSEHREF skiptag
    (5) skiptag -> . CHART skiptag
    (6) skiptag -> . TITLE skiptag
    (7) skiptag -> . SUBTITLE skiptag
    (8) skiptag -> . YAXIS skiptag
    (9) skiptag -> . LEGEND skiptag
    (10) skiptag -> . CREDITS skiptag
    (11) skiptag -> . PLOTOPTIONS skiptag
    (12) skiptag -> . empty
    (21) empty -> .

    XAXIS           shift and go to state 19
    CONTENT         shift and go to state 6
    OPENHREF        shift and go to state 7
    CLOSEHREF       shift and go to state 8
    CHART           shift and go to state 9
    TITLE           shift and go to state 10
    SUBTITLE        shift and go to state 11
    YAXIS           shift and go to state 12
    LEGEND          shift and go to state 13
    CREDITS         shift and go to state 14
    PLOTOPTIONS     shift and go to state 15
    $end            reduce using rule 21 (empty -> .)
    SERIES          reduce using rule 21 (empty -> .)

    handledata                     shift and go to state 46
    skiptag                        shift and go to state 17
    empty                          shift and go to state 20

state 44

    (14) handledata -> skiptag SERIES handleseriesdata DATATAGCLOSE skiptag . RESPONSIVE

    RESPONSIVE      shift and go to state 47


state 45

    (18) handleseriesdata -> DATATAG CONTENT DATATAGCLOSE . handleseriesdata
    (16) handleseriesdata -> . NAMETAG handleseriesdata
    (17) handleseriesdata -> . CONTENT handleseriesdata
    (18) handleseriesdata -> . DATATAG CONTENT DATATAGCLOSE handleseriesdata
    (19) handleseriesdata -> . empty
    (21) empty -> .

    NAMETAG         shift and go to state 34
    CONTENT         shift and go to state 35
    DATATAG         shift and go to state 36
    DATATAGCLOSE    reduce using rule 21 (empty -> .)

    handleseriesdata               shift and go to state 48
    empty                          shift and go to state 37

state 46

    (13) handledata -> XAXIS CATEGORIE CONTENT DATATAGCLOSE handledata .

    $end            reduce using rule 13 (handledata -> XAXIS CATEGORIE CONTENT DATATAGCLOSE handledata .)


state 47

    (14) handledata -> skiptag SERIES handleseriesdata DATATAGCLOSE skiptag RESPONSIVE .

    $end            reduce using rule 14 (handledata -> skiptag SERIES handleseriesdata DATATAGCLOSE skiptag RESPONSIVE .)


state 48

    (18) handleseriesdata -> DATATAG CONTENT DATATAGCLOSE handleseriesdata .

    DATATAGCLOSE    reduce using rule 18 (handleseriesdata -> DATATAG CONTENT DATATAGCLOSE handleseriesdata .)

WARNING: 
WARNING: Conflicts:
WARNING: 
WARNING: shift/reduce conflict for CONTENT in state 4 resolved as shift
WARNING: shift/reduce conflict for OPENHREF in state 4 resolved as shift
WARNING: shift/reduce conflict for CLOSEHREF in state 4 resolved as shift
WARNING: shift/reduce conflict for CHART in state 4 resolved as shift
WARNING: shift/reduce conflict for TITLE in state 4 resolved as shift
WARNING: shift/reduce conflict for SUBTITLE in state 4 resolved as shift
WARNING: shift/reduce conflict for YAXIS in state 4 resolved as shift
WARNING: shift/reduce conflict for LEGEND in state 4 resolved as shift
WARNING: shift/reduce conflict for CREDITS in state 4 resolved as shift
WARNING: shift/reduce conflict for PLOTOPTIONS in state 4 resolved as shift
WARNING: shift/reduce conflict for CONTENT in state 6 resolved as shift
WARNING: shift/reduce conflict for OPENHREF in state 6 resolved as shift
WARNING: shift/reduce conflict for CLOSEHREF in state 6 resolved as shift
WARNING: shift/reduce conflict for CHART in state 6 resolved as shift
WARNING: shift/reduce conflict for TITLE in state 6 resolved as shift
WARNING: shift/reduce conflict for SUBTITLE in state 6 resolved as shift
WARNING: shift/reduce conflict for YAXIS in state 6 resolved as shift
WARNING: shift/reduce conflict for LEGEND in state 6 resolved as shift
WARNING: shift/reduce conflict for CREDITS in state 6 resolved as shift
WARNING: shift/reduce conflict for PLOTOPTIONS in state 6 resolved as shift
WARNING: shift/reduce conflict for CONTENT in state 7 resolved as shift
WARNING: shift/reduce conflict for OPENHREF in state 7 resolved as shift
WARNING: shift/reduce conflict for CLOSEHREF in state 7 resolved as shift
WARNING: shift/reduce conflict for CHART in state 7 resolved as shift
WARNING: shift/reduce conflict for TITLE in state 7 resolved as shift
WARNING: shift/reduce conflict for SUBTITLE in state 7 resolved as shift
WARNING: shift/reduce conflict for YAXIS in state 7 resolved as shift
WARNING: shift/reduce conflict for LEGEND in state 7 resolved as shift
WARNING: shift/reduce conflict for CREDITS in state 7 resolved as shift
WARNING: shift/reduce conflict for PLOTOPTIONS in state 7 resolved as shift
WARNING: shift/reduce conflict for CONTENT in state 8 resolved as shift
WARNING: shift/reduce conflict for OPENHREF in state 8 resolved as shift
WARNING: shift/reduce conflict for CLOSEHREF in state 8 resolved as shift
WARNING: shift/reduce conflict for CHART in state 8 resolved as shift
WARNING: shift/reduce conflict for TITLE in state 8 resolved as shift
WARNING: shift/reduce conflict for SUBTITLE in state 8 resolved as shift
WARNING: shift/reduce conflict for YAXIS in state 8 resolved as shift
WARNING: shift/reduce conflict for LEGEND in state 8 resolved as shift
WARNING: shift/reduce conflict for CREDITS in state 8 resolved as shift
WARNING: shift/reduce conflict for PLOTOPTIONS in state 8 resolved as shift
WARNING: shift/reduce conflict for CONTENT in state 9 resolved as shift
WARNING: shift/reduce conflict for OPENHREF in state 9 resolved as shift
WARNING: shift/reduce conflict for CLOSEHREF in state 9 resolved as shift
WARNING: shift/reduce conflict for CHART in state 9 resolved as shift
WARNING: shift/reduce conflict for TITLE in state 9 resolved as shift
WARNING: shift/reduce conflict for SUBTITLE in state 9 resolved as shift
WARNING: shift/reduce conflict for YAXIS in state 9 resolved as shift
WARNING: shift/reduce conflict for LEGEND in state 9 resolved as shift
WARNING: shift/reduce conflict for CREDITS in state 9 resolved as shift
WARNING: shift/reduce conflict for PLOTOPTIONS in state 9 resolved as shift
WARNING: shift/reduce conflict for CONTENT in state 10 resolved as shift
WARNING: shift/reduce conflict for OPENHREF in state 10 resolved as shift
WARNING: shift/reduce conflict for CLOSEHREF in state 10 resolved as shift
WARNING: shift/reduce conflict for CHART in state 10 resolved as shift
WARNING: shift/reduce conflict for TITLE in state 10 resolved as shift
WARNING: shift/reduce conflict for SUBTITLE in state 10 resolved as shift
WARNING: shift/reduce conflict for YAXIS in state 10 resolved as shift
WARNING: shift/reduce conflict for LEGEND in state 10 resolved as shift
WARNING: shift/reduce conflict for CREDITS in state 10 resolved as shift
WARNING: shift/reduce conflict for PLOTOPTIONS in state 10 resolved as shift
WARNING: shift/reduce conflict for CONTENT in state 11 resolved as shift
WARNING: shift/reduce conflict for OPENHREF in state 11 resolved as shift
WARNING: shift/reduce conflict for CLOSEHREF in state 11 resolved as shift
WARNING: shift/reduce conflict for CHART in state 11 resolved as shift
WARNING: shift/reduce conflict for TITLE in state 11 resolved as shift
WARNING: shift/reduce conflict for SUBTITLE in state 11 resolved as shift
WARNING: shift/reduce conflict for YAXIS in state 11 resolved as shift
WARNING: shift/reduce conflict for LEGEND in state 11 resolved as shift
WARNING: shift/reduce conflict for CREDITS in state 11 resolved as shift
WARNING: shift/reduce conflict for PLOTOPTIONS in state 11 resolved as shift
WARNING: shift/reduce conflict for CONTENT in state 12 resolved as shift
WARNING: shift/reduce conflict for OPENHREF in state 12 resolved as shift
WARNING: shift/reduce conflict for CLOSEHREF in state 12 resolved as shift
WARNING: shift/reduce conflict for CHART in state 12 resolved as shift
WARNING: shift/reduce conflict for TITLE in state 12 resolved as shift
WARNING: shift/reduce conflict for SUBTITLE in state 12 resolved as shift
WARNING: shift/reduce conflict for YAXIS in state 12 resolved as shift
WARNING: shift/reduce conflict for LEGEND in state 12 resolved as shift
WARNING: shift/reduce conflict for CREDITS in state 12 resolved as shift
WARNING: shift/reduce conflict for PLOTOPTIONS in state 12 resolved as shift
WARNING: shift/reduce conflict for CONTENT in state 13 resolved as shift
WARNING: shift/reduce conflict for OPENHREF in state 13 resolved as shift
WARNING: shift/reduce conflict for CLOSEHREF in state 13 resolved as shift
WARNING: shift/reduce conflict for CHART in state 13 resolved as shift
WARNING: shift/reduce conflict for TITLE in state 13 resolved as shift
WARNING: shift/reduce conflict for SUBTITLE in state 13 resolved as shift
WARNING: shift/reduce conflict for YAXIS in state 13 resolved as shift
WARNING: shift/reduce conflict for LEGEND in state 13 resolved as shift
WARNING: shift/reduce conflict for CREDITS in state 13 resolved as shift
WARNING: shift/reduce conflict for PLOTOPTIONS in state 13 resolved as shift
WARNING: shift/reduce conflict for CONTENT in state 14 resolved as shift
WARNING: shift/reduce conflict for OPENHREF in state 14 resolved as shift
WARNING: shift/reduce conflict for CLOSEHREF in state 14 resolved as shift
WARNING: shift/reduce conflict for CHART in state 14 resolved as shift
WARNING: shift/reduce conflict for TITLE in state 14 resolved as shift
WARNING: shift/reduce conflict for SUBTITLE in state 14 resolved as shift
WARNING: shift/reduce conflict for YAXIS in state 14 resolved as shift
WARNING: shift/reduce conflict for LEGEND in state 14 resolved as shift
WARNING: shift/reduce conflict for CREDITS in state 14 resolved as shift
WARNING: shift/reduce conflict for PLOTOPTIONS in state 14 resolved as shift
WARNING: shift/reduce conflict for CONTENT in state 15 resolved as shift
WARNING: shift/reduce conflict for OPENHREF in state 15 resolved as shift
WARNING: shift/reduce conflict for CLOSEHREF in state 15 resolved as shift
WARNING: shift/reduce conflict for CHART in state 15 resolved as shift
WARNING: shift/reduce conflict for TITLE in state 15 resolved as shift
WARNING: shift/reduce conflict for SUBTITLE in state 15 resolved as shift
WARNING: shift/reduce conflict for YAXIS in state 15 resolved as shift
WARNING: shift/reduce conflict for LEGEND in state 15 resolved as shift
WARNING: shift/reduce conflict for CREDITS in state 15 resolved as shift
WARNING: shift/reduce conflict for PLOTOPTIONS in state 15 resolved as shift
